{"C:\\Users\\inzam\\Desktop\\React.js\\Parcel\\src\\components\\Contact.js": {"path":"C:\\Users\\inzam\\Desktop\\React.js\\Parcel\\src\\components\\Contact.js","statementMap":{"0":{"start":{"line":2,"column":14},"end":{"line":16,"column":1}},"1":{"start":{"line":4,"column":4},"end":{"line":15,"column":5}}},"fnMap":{"0":{"name":"(anonymous_0)","decl":{"start":{"line":2,"column":14},"end":{"line":2,"column":15}},"loc":{"start":{"line":2,"column":18},"end":{"line":16,"column":1}},"line":2}},"branchMap":{},"s":{"0":1,"1":1},"f":{"0":1},"b":{},"_coverageSchema":"1a1c01bbd47fc00a2c39e90264f33305004495a9","hash":"6ccc042c89a40e976e94cec1a0a7f3a14712a18e"}
,"C:\\Users\\inzam\\Desktop\\React.js\\Parcel\\src\\components\\Header.jsx": {"path":"C:\\Users\\inzam\\Desktop\\React.js\\Parcel\\src\\components\\Header.jsx","statementMap":{"0":{"start":{"line":5,"column":15},"end":{"line":41,"column":1}},"1":{"start":{"line":6,"column":38},"end":{"line":6,"column":57}},"2":{"start":{"line":8,"column":27},"end":{"line":14,"column":3}},"3":{"start":{"line":9,"column":4},"end":{"line":13,"column":5}},"4":{"start":{"line":10,"column":6},"end":{"line":10,"column":32}},"5":{"start":{"line":12,"column":6},"end":{"line":12,"column":31}},"6":{"start":{"line":15,"column":23},"end":{"line":15,"column":40}},"7":{"start":{"line":16,"column":19},"end":{"line":16,"column":59}},"8":{"start":{"line":16,"column":42},"end":{"line":16,"column":58}},"9":{"start":{"line":17,"column":2},"end":{"line":40,"column":4}}},"fnMap":{"0":{"name":"(anonymous_0)","decl":{"start":{"line":5,"column":15},"end":{"line":5,"column":16}},"loc":{"start":{"line":5,"column":21},"end":{"line":41,"column":1}},"line":5},"1":{"name":"(anonymous_1)","decl":{"start":{"line":8,"column":27},"end":{"line":8,"column":28}},"loc":{"start":{"line":8,"column":33},"end":{"line":14,"column":3}},"line":8},"2":{"name":"(anonymous_2)","decl":{"start":{"line":16,"column":31},"end":{"line":16,"column":32}},"loc":{"start":{"line":16,"column":42},"end":{"line":16,"column":58}},"line":16}},"branchMap":{"0":{"loc":{"start":{"line":9,"column":4},"end":{"line":13,"column":5}},"type":"if","locations":[{"start":{"line":9,"column":4},"end":{"line":13,"column":5}},{"start":{"line":11,"column":11},"end":{"line":13,"column":5}}],"line":9},"1":{"loc":{"start":{"line":27,"column":29},"end":{"line":27,"column":54}},"type":"cond-expr","locations":[{"start":{"line":27,"column":44},"end":{"line":27,"column":47}},{"start":{"line":27,"column":50},"end":{"line":27,"column":54}}],"line":27}},"s":{"0":1,"1":3,"2":3,"3":1,"4":1,"5":0,"6":3,"7":3,"8":5,"9":3},"f":{"0":3,"1":1,"2":5},"b":{"0":[1,0],"1":[3,0]},"_coverageSchema":"1a1c01bbd47fc00a2c39e90264f33305004495a9","hash":"62bee3318c444d20ca234bb5086e038c35f61e42"}
,"C:\\Users\\inzam\\Desktop\\React.js\\Parcel\\src\\components\\sum.js": {"path":"C:\\Users\\inzam\\Desktop\\React.js\\Parcel\\src\\components\\sum.js","statementMap":{"0":{"start":{"line":1,"column":18},"end":{"line":5,"column":1}},"1":{"start":{"line":3,"column":4},"end":{"line":3,"column":17}}},"fnMap":{"0":{"name":"(anonymous_0)","decl":{"start":{"line":1,"column":18},"end":{"line":1,"column":19}},"loc":{"start":{"line":1,"column":25},"end":{"line":5,"column":1}},"line":1}},"branchMap":{},"s":{"0":1,"1":1},"f":{"0":1},"b":{},"_coverageSchema":"1a1c01bbd47fc00a2c39e90264f33305004495a9","hash":"ef3f781924ba17932d70963153d9a7035d3c400c"}
,"C:\\Users\\inzam\\Desktop\\React.js\\Parcel\\src\\utils\\appStore.jsx": {"path":"C:\\Users\\inzam\\Desktop\\React.js\\Parcel\\src\\utils\\appStore.jsx","statementMap":{"0":{"start":{"line":3,"column":17},"end":{"line":8,"column":2}}},"fnMap":{},"branchMap":{},"s":{"0":1},"f":{},"b":{},"_coverageSchema":"1a1c01bbd47fc00a2c39e90264f33305004495a9","hash":"53b0343cc3d4cd370c510d91370c0eddb2b65401"}
,"C:\\Users\\inzam\\Desktop\\React.js\\Parcel\\src\\utils\\cartSlice.jsx": {"path":"C:\\Users\\inzam\\Desktop\\React.js\\Parcel\\src\\utils\\cartSlice.jsx","statementMap":{"0":{"start":{"line":3,"column":18},"end":{"line":22,"column":2}},"1":{"start":{"line":13,"column":12},"end":{"line":13,"column":44}},"2":{"start":{"line":16,"column":12},"end":{"line":16,"column":30}},"3":{"start":{"line":19,"column":12},"end":{"line":19,"column":35}},"4":{"start":{"line":24,"column":46},"end":{"line":24,"column":63}}},"fnMap":{"0":{"name":"(anonymous_0)","decl":{"start":{"line":11,"column":17},"end":{"line":11,"column":18}},"loc":{"start":{"line":11,"column":36},"end":{"line":14,"column":9}},"line":11},"1":{"name":"(anonymous_1)","decl":{"start":{"line":15,"column":20},"end":{"line":15,"column":21}},"loc":{"start":{"line":15,"column":31},"end":{"line":17,"column":9}},"line":15},"2":{"name":"(anonymous_2)","decl":{"start":{"line":18,"column":19},"end":{"line":18,"column":20}},"loc":{"start":{"line":18,"column":30},"end":{"line":20,"column":9}},"line":18}},"branchMap":{},"s":{"0":1,"1":0,"2":0,"3":0,"4":1},"f":{"0":0,"1":0,"2":0},"b":{},"_coverageSchema":"1a1c01bbd47fc00a2c39e90264f33305004495a9","hash":"b5bfb68196ad5bc0512e96ced61f59c8fea3e03c"}
,"C:\\Users\\inzam\\Desktop\\React.js\\Parcel\\src\\utils\\useOnlineStatus.jsx": {"path":"C:\\Users\\inzam\\Desktop\\React.js\\Parcel\\src\\utils\\useOnlineStatus.jsx","statementMap":{"0":{"start":{"line":4,"column":24},"end":{"line":24,"column":1}},"1":{"start":{"line":5,"column":44},"end":{"line":5,"column":58}},"2":{"start":{"line":8,"column":4},"end":{"line":20,"column":11}},"3":{"start":{"line":10,"column":8},"end":{"line":14,"column":10}},"4":{"start":{"line":12,"column":12},"end":{"line":12,"column":35}},"5":{"start":{"line":15,"column":8},"end":{"line":17,"column":10}},"6":{"start":{"line":16,"column":12},"end":{"line":16,"column":34}},"7":{"start":{"line":23,"column":4},"end":{"line":23,"column":24}}},"fnMap":{"0":{"name":"(anonymous_0)","decl":{"start":{"line":4,"column":24},"end":{"line":4,"column":25}},"loc":{"start":{"line":4,"column":30},"end":{"line":24,"column":1}},"line":4},"1":{"name":"(anonymous_1)","decl":{"start":{"line":8,"column":14},"end":{"line":8,"column":15}},"loc":{"start":{"line":8,"column":20},"end":{"line":20,"column":5}},"line":8},"2":{"name":"(anonymous_2)","decl":{"start":{"line":10,"column":43},"end":{"line":10,"column":44}},"loc":{"start":{"line":10,"column":49},"end":{"line":14,"column":9}},"line":10},"3":{"name":"(anonymous_3)","decl":{"start":{"line":15,"column":42},"end":{"line":15,"column":43}},"loc":{"start":{"line":15,"column":48},"end":{"line":17,"column":9}},"line":15}},"branchMap":{},"s":{"0":1,"1":3,"2":3,"3":2,"4":0,"5":2,"6":0,"7":3},"f":{"0":3,"1":2,"2":0,"3":0},"b":{},"_coverageSchema":"1a1c01bbd47fc00a2c39e90264f33305004495a9","hash":"e0cf830b2916b28bdb55ae5b50454d7fd195fc6a"}
}
